<?xml version="1.0" encoding="utf-8"?><testsuites name="pytest tests"><testsuite name="pytest" errors="0" failures="0" skipped="0" tests="13" time="0.592" timestamp="2026-07-20T04:31:17.059693+00:00" hostname="3fe9eb8a91f1"><testcase classname="tests.test_hhs_pass126_document_claim_interpretation_v1" name="test_extracts_typed_evidence_bound_claims" time="0.068" /><testcase classname="tests.test_hhs_pass126_document_claim_interpretation_v1" name="test_exact_span_verification" time="0.003" /><testcase classname="tests.test_hhs_pass126_document_claim_interpretation_v1" name="test_claim_tamper_rejected" time="0.002" /><testcase classname="tests.test_hhs_pass126_document_claim_interpretation_v1" name="test_evidence_span_mismatch_rejected" time="0.002" /><testcase classname="tests.test_hhs_pass126_document_claim_interpretation_v1" name="test_relation_is_rooted" time="0.002" /><testcase classname="tests.test_hhs_pass126_document_claim_interpretation_v1" name="test_candidate_remains_non_authoritative" time="0.002" /><testcase classname="tests.test_hhs_pass126_document_claim_interpretation_v1" name="test_contradicted_candidate_rejected" time="0.001" /><testcase classname="tests.test_hhs_pass126_document_claim_interpretation_v1" name="test_insufficient_support_rejected" time="0.002" /><testcase classname="tests.test_hhs_pass126_document_claim_interpretation_v1" name="test_corpus_and_replay" time="0.002" /><testcase classname="tests.test_hhs_pass126_document_claim_interpretation_v1" name="test_replay_tamper_rejected" time="0.003" /><testcase classname="tests.test_hhs_pass126_document_claim_interpretation_v1" name="test_authority_escalation_rejected" time="0.001" /><testcase classname="tests.test_hhs_pass126_document_claim_interpretation_v1" name="test_bounds_rejected" time="0.000" /><testcase classname="tests.test_hhs_pass126_document_claim_interpretation_v1" name="test_self_test" time="0.002" /></testsuite></testsuites>