<?xml version="1.0" encoding="utf-8"?><testsuites name="pytest tests"><testsuite name="pytest" errors="0" failures="0" skipped="0" tests="19" time="6.286" timestamp="2026-07-20T04:32:27.875681+00:00" hostname="3fe9eb8a91f1"><testcase classname="tests.test_hhs_pass147_external_agent_opacity_v1" name="test_version_and_schema" time="1.263" /><testcase classname="tests.test_hhs_pass147_external_agent_opacity_v1" name="test_public_registry_is_complete_and_has_no_privileged_edges" time="0.011" /><testcase classname="tests.test_hhs_pass147_external_agent_opacity_v1" name="test_registry_sync_is_canonical_and_receipted" time="0.100" /><testcase classname="tests.test_hhs_pass147_external_agent_opacity_v1" name="test_command_contract_is_inspectable" time="0.004" /><testcase classname="tests.test_hhs_pass147_external_agent_opacity_v1" name="test_api_and_schema_contracts_are_inspectable" time="0.003" /><testcase classname="tests.test_hhs_pass147_external_agent_opacity_v1" name="test_runtime_symbol_and_float_authority" time="0.000" /><testcase classname="tests.test_hhs_pass147_external_agent_opacity_v1" name="test_public_documentation_is_local_versioned_evidence" time="0.059" /><testcase classname="tests.test_hhs_pass147_external_agent_opacity_v1" name="test_public_discovery_is_boundary_constructed" time="0.437" /><testcase classname="tests.test_hhs_pass147_external_agent_opacity_v1" name="test_external_agent_default_grant_has_no_privileged_admin_or_network" time="0.001" /><testcase classname="tests.test_hhs_pass147_external_agent_opacity_v1" name="test_external_agent_can_discover_from_public_primitives" time="0.398" /><testcase classname="tests.test_hhs_pass147_external_agent_opacity_v1" name="test_external_agent_can_query_runtime_through_inherited_boundary" time="0.374" /><testcase classname="tests.test_hhs_pass147_external_agent_opacity_v1" name="test_external_agent_can_query_documentation_through_dedicated_boundary" time="0.371" /><testcase classname="tests.test_hhs_pass147_external_agent_opacity_v1" name="test_external_agent_shell_shortcut_is_rejected_before_path_creation" time="0.003" /><testcase classname="tests.test_hhs_pass147_external_agent_opacity_v1" name="test_external_agent_security_admin_request_is_rejected" time="0.002" /><testcase classname="tests.test_hhs_pass147_external_agent_opacity_v1" name="test_unknown_public_primitive_is_explicit_not_internal_fallback" time="0.003" /><testcase classname="tests.test_hhs_pass147_external_agent_opacity_v1" name="test_boundary_explanation_is_public_and_nonexecuting" time="0.404" /><testcase classname="tests.test_hhs_pass147_external_agent_opacity_v1" name="test_receipt_chain_remains_valid" time="0.006" /><testcase classname="tests.test_hhs_pass147_external_agent_opacity_v1" name="test_query_script_lvm_replay_uses_semantic_projection" time="1.255" /><testcase classname="tests.test_hhs_pass147_external_agent_opacity_v1" name="test_authenticated_public_api_and_agent_execution" time="0.979" /></testsuite></testsuites>