<?xml version="1.0" encoding="utf-8"?><testsuites name="pytest tests"><testsuite name="pytest" errors="0" failures="0" skipped="0" tests="22" time="15.487" timestamp="2026-07-20T04:31:57.933258+00:00" hostname="3fe9eb8a91f1"><testcase classname="tests.test_hhs_pass146_boundary_constructed_network_security_v1" name="test_bootstrap_authentication_and_duplicate_bootstrap_rejected" time="0.271" /><testcase classname="tests.test_hhs_pass146_boundary_constructed_network_security_v1" name="test_minimum_query_path_executes_closes_dissolves_and_replays" time="0.215" /><testcase classname="tests.test_hhs_pass146_boundary_constructed_network_security_v1" name="test_overbroad_request_is_nonrepresentable_and_creates_no_path" time="0.126" /><testcase classname="tests.test_hhs_pass146_boundary_constructed_network_security_v1" name="test_delegated_grant_cannot_expand_parent_authority" time="0.280" /><testcase classname="tests.test_hhs_pass146_boundary_constructed_network_security_v1" name="test_recursive_child_boundary_preserves_or_reduces_parent_surface" time="0.226" /><testcase classname="tests.test_hhs_pass146_boundary_constructed_network_security_v1" name="test_contract_carried_message_is_revalidated_by_receiver" time="0.477" /><testcase classname="tests.test_hhs_pass146_boundary_constructed_network_security_v1" name="test_receiver_without_network_receive_is_rejected" time="0.478" /><testcase classname="tests.test_hhs_pass146_boundary_constructed_network_security_v1" name="test_conflict_negotiation_preserves_both_states_and_no_silent_winner" time="0.192" /><testcase classname="tests.test_hhs_pass146_boundary_constructed_network_security_v1" name="test_relevant_state_change_blocks_activation" time="0.226" /><testcase classname="tests.test_hhs_pass146_boundary_constructed_network_security_v1" name="test_resource_failure_enters_validated_recovery_and_expires_capabilities" time="0.222" /><testcase classname="tests.test_hhs_pass146_boundary_constructed_network_security_v1" name="test_float_cannot_enter_canonical_boundary_contract" time="0.144" /><testcase classname="tests.test_hhs_pass146_boundary_constructed_network_security_v1" name="test_security_api_requires_server_authority_and_executes_boundary" time="0.619" /><testcase classname="tests.test_hhs_pass146_boundary_constructed_network_security_v1" name="test_cli_wraps_parent_commands_and_exposes_security" time="6.201" /><testcase classname="tests.test_hhs_pass146_boundary_constructed_network_security_v1" name="test_receipt_chain_and_database_root_cover_security_objects" time="0.181" /><testcase classname="tests.test_hhs_pass146_boundary_constructed_network_security_v1" name="test_inherited_cli_operation_is_automatically_boundary_wrapped" time="2.095" /><testcase classname="tests.test_hhs_pass146_boundary_constructed_network_security_v1" name="test_combined_api_routes_knowledge_operations_through_boundaries" time="0.748" /><testcase classname="tests.test_hhs_pass146_boundary_constructed_network_security_v1" name="test_signed_cross_node_envelope_reconstructs_receiver_boundary" time="0.478" /><testcase classname="tests.test_hhs_pass146_boundary_constructed_network_security_v1" name="test_forged_cross_node_envelope_is_nonrepresentable" time="0.424" /><testcase classname="tests.test_hhs_pass146_boundary_constructed_network_security_v1" name="test_two_node_loopback_http_message_transport" time="0.888" /><testcase classname="tests.test_hhs_pass146_boundary_constructed_network_security_v1" name="test_schema_1_1_database_migrates_signed_envelope_column" time="0.013" /><testcase classname="tests.test_hhs_pass146_boundary_constructed_network_security_v1" name="test_peer_key_mismatch_rejected_before_receiver_path" time="0.417" /><testcase classname="tests.test_hhs_pass146_boundary_constructed_network_security_v1" name="test_remote_non_loopback_binding_is_explicitly_rejected" time="0.002" /></testsuite></testsuites>