<?xml version="1.0" encoding="utf-8"?><testsuites name="pytest tests"><testsuite name="pytest" errors="0" failures="0" skipped="0" tests="17" time="7.748" timestamp="2026-07-20T04:31:20.032963+00:00" hostname="3fe9eb8a91f1"><testcase classname="tests.test_hhs_pass145_android_knowledge_enterprise_platform_v1" name="test_canonical_json_rejects_float_authority" time="0.068" /><testcase classname="tests.test_hhs_pass145_android_knowledge_enterprise_platform_v1" name="test_html_ingestion_preserves_source_and_never_executes_script" time="0.004" /><testcase classname="tests.test_hhs_pass145_android_knowledge_enterprise_platform_v1" name="test_javascript_static_analysis_is_nonexecuting" time="0.002" /><testcase classname="tests.test_hhs_pass145_android_knowledge_enterprise_platform_v1" name="test_json_float_and_resource_bounds_reject_safely" time="0.001" /><testcase classname="tests.test_hhs_pass145_android_knowledge_enterprise_platform_v1" name="test_ingestion_validation_query_symbol_separation_and_replay" time="0.091" /><testcase classname="tests.test_hhs_pass145_android_knowledge_enterprise_platform_v1" name="test_transaction_rollback_preserves_state_and_receipt_sequence" time="0.012" /><testcase classname="tests.test_hhs_pass145_android_knowledge_enterprise_platform_v1" name="test_backup_verify_preview_and_restore" time="0.082" /><testcase classname="tests.test_hhs_pass145_android_knowledge_enterprise_platform_v1" name="test_workspace_environment_branch_freeze_and_isolation" time="0.024" /><testcase classname="tests.test_hhs_pass145_android_knowledge_enterprise_platform_v1" name="test_script_portability_capability_validation_and_execution" time="0.025" /><testcase classname="tests.test_hhs_pass145_android_knowledge_enterprise_platform_v1" name="test_lvm_execution_nested_replay_and_cycle_rejection" time="0.147" /><testcase classname="tests.test_hhs_pass145_android_knowledge_enterprise_platform_v1" name="test_api_server_requires_authority_rejects_cross_origin_and_executes" time="0.554" /><testcase classname="tests.test_hhs_pass145_android_knowledge_enterprise_platform_v1" name="test_cli_public_surface_and_stable_failure_exit" time="6.014" /><testcase classname="tests.test_hhs_pass145_android_knowledge_enterprise_platform_v1" name="test_workspace_api_collection_and_extension_governance" time="0.018" /><testcase classname="tests.test_hhs_pass145_android_knowledge_enterprise_platform_v1" name="test_receipt_tamper_is_detected" time="0.052" /><testcase classname="tests.test_hhs_pass145_android_knowledge_enterprise_platform_v1" name="test_android_projection_is_governed_and_build_failure_is_explicit" time="0.043" /><testcase classname="tests.test_hhs_pass145_android_knowledge_enterprise_platform_v1" name="test_inherited_runtime_database_bridge_is_real_and_retrievable" time="0.037" /><testcase classname="tests.test_hhs_pass145_android_knowledge_enterprise_platform_v1" name="test_contradictions_are_preserved_and_retrievable" time="0.052" /></testsuite></testsuites>