<?xml version="1.0" encoding="utf-8"?><testsuites name="pytest tests"><testsuite name="pytest" errors="0" failures="0" skipped="0" tests="12" time="0.716" timestamp="2026-07-20T04:31:13.793984+00:00" hostname="3fe9eb8a91f1"><testcase classname="tests.test_hhs_pass125_canonical_document_ingestion_v1" name="test_text_ingestion_normalizes_and_roots" time="0.078" /><testcase classname="tests.test_hhs_pass125_canonical_document_ingestion_v1" name="test_lossless_segmentation_manifest_and_replay" time="0.003" /><testcase classname="tests.test_hhs_pass125_canonical_document_ingestion_v1" name="test_local_file_ingestion" time="0.004" /><testcase classname="tests.test_hhs_pass125_canonical_document_ingestion_v1" name="test_drive_export_ingestion" time="0.001" /><testcase classname="tests.test_hhs_pass125_canonical_document_ingestion_v1" name="test_drive_metadata_required" time="0.001" /><testcase classname="tests.test_hhs_pass125_canonical_document_ingestion_v1" name="test_invalid_utf8_rejected" time="0.001" /><testcase classname="tests.test_hhs_pass125_canonical_document_ingestion_v1" name="test_size_bound" time="0.000" /><testcase classname="tests.test_hhs_pass125_canonical_document_ingestion_v1" name="test_source_tamper_rejected" time="0.001" /><testcase classname="tests.test_hhs_pass125_canonical_document_ingestion_v1" name="test_segment_tamper_rejected" time="0.001" /><testcase classname="tests.test_hhs_pass125_canonical_document_ingestion_v1" name="test_manifest_tamper_replay_rejected" time="0.001" /><testcase classname="tests.test_hhs_pass125_canonical_document_ingestion_v1" name="test_authority_escalation_rejected" time="0.001" /><testcase classname="tests.test_hhs_pass125_canonical_document_ingestion_v1" name="test_self_test" time="0.001" /></testsuite></testsuites>